<?xml version="1.0" encoding="UTF-8"?>
<!-- Generated by org.testng.reporters.JUnitReportReporter -->
<testsuite skipped="0" hostname="LP-5CD7490BPC" name="WeatherAPIsTest.GetAPITest" tests="1" failures="0" timestamp="2020-01-23T11:51:21 IST" time="4.093" errors="0">
  <testcase name="statusCodeTest" time="4.093" classname="WeatherAPIsTest.GetAPITest"/>
</testsuite> <!-- WeatherAPIsTest.GetAPITest -->
