<?xml version="1.0" encoding="UTF-8"?>
<!-- Generated by org.testng.reporters.JUnitReportReporter -->
<testsuite skipped="0" hostname="LP-5CD7490BPC" name="WeatherAPIsTest.PostAPITest" tests="1" failures="0" timestamp="2020-01-23T12:33:07 IST" time="5.245" errors="0">
  <testcase name="createUserTest" time="5.245" classname="WeatherAPIsTest.PostAPITest"/>
</testsuite> <!-- WeatherAPIsTest.PostAPITest -->
